生成启动时间为 2015/12/28 22:43:28。
     1>项目“C:\Users\ZMC\Desktop\2048\2048个人项目\2048个人项目.vcxproj”在节点 2 上(Build 个目标)。
     1>ClCompile:
         E:\VS2015\VC\bin\CL.exe /c /ZI /nologo /W3 /WX- /Od /Oy- /D WIN32 /D _DEBUG /D _CONSOLE /D _VC80_UPGRADE=0x0600 /D _MBCS /Gm /EHsc /RTC1 /MTd /GS /Gy- /fp:precise /Zc:wchar_t /Zc:forScope /Zc:inline /Fo".\Debug\\" /Fd".\Debug\vc140.pdb" /Gd /TP /analyze- /errorReport:prompt 2048.cpp
         2048.cpp
     1>c:\users\zmc\desktop\2048\2048个人项目\2048.cpp(48): warning C4996: 'setfont': This function is deprecated. Instead, use this new function: settextstyle. See http://www.easyx.cn/help?settextstyle for details.
         e:\vs2015\vc\include\graphics.h(78): note: 参见“setfont”的声明
     1>c:\users\zmc\desktop\2048\2048个人项目\2048.cpp(51): warning C4996: 'sprintf': This function or variable may be unsafe. Consider using sprintf_s instead. To disable deprecation, use _CRT_SECURE_NO_WARNINGS. See online help for details.
         c:\program files (x86)\windows kits\10\include\10.0.10150.0\ucrt\stdio.h(1769): note: 参见“sprintf”的声明
     1>c:\users\zmc\desktop\2048\2048个人项目\2048.cpp(52): warning C4996: 'sprintf': This function or variable may be unsafe. Consider using sprintf_s instead. To disable deprecation, use _CRT_SECURE_NO_WARNINGS. See online help for details.
         c:\program files (x86)\windows kits\10\include\10.0.10150.0\ucrt\stdio.h(1769): note: 参见“sprintf”的声明
     1>c:\users\zmc\desktop\2048\2048个人项目\2048.cpp(58): warning C4996: 'setfont': This function is deprecated. Instead, use this new function: settextstyle. See http://www.easyx.cn/help?settextstyle for details.
         e:\vs2015\vc\include\graphics.h(78): note: 参见“setfont”的声明
     1>c:\users\zmc\desktop\2048\2048个人项目\2048.cpp(117): warning C4996: 'setfont': This function is deprecated. Instead, use this new function: settextstyle. See http://www.easyx.cn/help?settextstyle for details.
         e:\vs2015\vc\include\graphics.h(78): note: 参见“setfont”的声明
     1>c:\users\zmc\desktop\2048\2048个人项目\2048.cpp(130): warning C4996: 'setfont': This function is deprecated. Instead, use this new function: settextstyle. See http://www.easyx.cn/help?settextstyle for details.
         e:\vs2015\vc\include\graphics.h(78): note: 参见“setfont”的声明
     1>c:\users\zmc\desktop\2048\2048个人项目\2048.cpp(136): warning C4996: 'setfont': This function is deprecated. Instead, use this new function: settextstyle. See http://www.easyx.cn/help?settextstyle for details.
         e:\vs2015\vc\include\graphics.h(78): note: 参见“setfont”的声明
     1>c:\users\zmc\desktop\2048\2048个人项目\2048.cpp(148): warning C4996: 'setfont': This function is deprecated. Instead, use this new function: settextstyle. See http://www.easyx.cn/help?settextstyle for details.
         e:\vs2015\vc\include\graphics.h(78): note: 参见“setfont”的声明
     1>c:\users\zmc\desktop\2048\2048个人项目\2048.cpp(154): warning C4996: 'setfont': This function is deprecated. Instead, use this new function: settextstyle. See http://www.easyx.cn/help?settextstyle for details.
         e:\vs2015\vc\include\graphics.h(78): note: 参见“setfont”的声明
     1>c:\users\zmc\desktop\2048\2048个人项目\2048.cpp(168): warning C4996: 'setfont': This function is deprecated. Instead, use this new function: settextstyle. See http://www.easyx.cn/help?settextstyle for details.
         e:\vs2015\vc\include\graphics.h(78): note: 参见“setfont”的声明
     1>c:\users\zmc\desktop\2048\2048个人项目\2048.cpp(174): warning C4996: 'setfont': This function is deprecated. Instead, use this new function: settextstyle. See http://www.easyx.cn/help?settextstyle for details.
         e:\vs2015\vc\include\graphics.h(78): note: 参见“setfont”的声明
     1>c:\users\zmc\desktop\2048\2048个人项目\2048.cpp(183): warning C4996: 'setfont': This function is deprecated. Instead, use this new function: settextstyle. See http://www.easyx.cn/help?settextstyle for details.
         e:\vs2015\vc\include\graphics.h(78): note: 参见“setfont”的声明
     1>c:\users\zmc\desktop\2048\2048个人项目\2048.cpp(202): warning C4996: 'setfont': This function is deprecated. Instead, use this new function: settextstyle. See http://www.easyx.cn/help?settextstyle for details.
         e:\vs2015\vc\include\graphics.h(78): note: 参见“setfont”的声明
     1>c:\users\zmc\desktop\2048\2048个人项目\2048.cpp(220): warning C4996: 'setfont': This function is deprecated. Instead, use this new function: settextstyle. See http://www.easyx.cn/help?settextstyle for details.
         e:\vs2015\vc\include\graphics.h(78): note: 参见“setfont”的声明
     1>c:\users\zmc\desktop\2048\2048个人项目\2048.cpp(271): warning C4996: 'setfont': This function is deprecated. Instead, use this new function: settextstyle. See http://www.easyx.cn/help?settextstyle for details.
         e:\vs2015\vc\include\graphics.h(78): note: 参见“setfont”的声明
     1>c:\users\zmc\desktop\2048\2048个人项目\2048.cpp(273): warning C4996: 'sprintf': This function or variable may be unsafe. Consider using sprintf_s instead. To disable deprecation, use _CRT_SECURE_NO_WARNINGS. See online help for details.
         c:\program files (x86)\windows kits\10\include\10.0.10150.0\ucrt\stdio.h(1769): note: 参见“sprintf”的声明
     1>c:\users\zmc\desktop\2048\2048个人项目\2048.cpp(276): warning C4996: 'getch': The POSIX name for this item is deprecated. Instead, use the ISO C and C++ conformant name: _getch. See online help for details.
         c:\program files (x86)\windows kits\10\include\10.0.10150.0\ucrt\conio.h(452): note: 参见“getch”的声明
     1>c:\users\zmc\desktop\2048\2048个人项目\2048.cpp(334): warning C4996: 'setfont': This function is deprecated. Instead, use this new function: settextstyle. See http://www.easyx.cn/help?settextstyle for details.
         e:\vs2015\vc\include\graphics.h(78): note: 参见“setfont”的声明
     1>c:\users\zmc\desktop\2048\2048个人项目\2048.cpp(335): warning C4996: 'sprintf': This function or variable may be unsafe. Consider using sprintf_s instead. To disable deprecation, use _CRT_SECURE_NO_WARNINGS. See online help for details.
         c:\program files (x86)\windows kits\10\include\10.0.10150.0\ucrt\stdio.h(1769): note: 参见“sprintf”的声明
     1>c:\users\zmc\desktop\2048\2048个人项目\2048.cpp(347): warning C4996: 'setfont': This function is deprecated. Instead, use this new function: settextstyle. See http://www.easyx.cn/help?settextstyle for details.
         e:\vs2015\vc\include\graphics.h(78): note: 参见“setfont”的声明
     1>c:\users\zmc\desktop\2048\2048个人项目\2048.cpp(348): warning C4996: 'sprintf': This function or variable may be unsafe. Consider using sprintf_s instead. To disable deprecation, use _CRT_SECURE_NO_WARNINGS. See online help for details.
         c:\program files (x86)\windows kits\10\include\10.0.10150.0\ucrt\stdio.h(1769): note: 参见“sprintf”的声明
     1>c:\users\zmc\desktop\2048\2048个人项目\2048.cpp(406): warning C4996: 'setfont': This function is deprecated. Instead, use this new function: settextstyle. See http://www.easyx.cn/help?settextstyle for details.
         e:\vs2015\vc\include\graphics.h(78): note: 参见“setfont”的声明
     1>c:\users\zmc\desktop\2048\2048个人项目\2048.cpp(407): warning C4996: 'sprintf': This function or variable may be unsafe. Consider using sprintf_s instead. To disable deprecation, use _CRT_SECURE_NO_WARNINGS. See online help for details.
         c:\program files (x86)\windows kits\10\include\10.0.10150.0\ucrt\stdio.h(1769): note: 参见“sprintf”的声明
     1>c:\users\zmc\desktop\2048\2048个人项目\2048.cpp(419): warning C4996: 'setfont': This function is deprecated. Instead, use this new function: settextstyle. See http://www.easyx.cn/help?settextstyle for details.
         e:\vs2015\vc\include\graphics.h(78): note: 参见“setfont”的声明
     1>c:\users\zmc\desktop\2048\2048个人项目\2048.cpp(420): warning C4996: 'sprintf': This function or variable may be unsafe. Consider using sprintf_s instead. To disable deprecation, use _CRT_SECURE_NO_WARNINGS. See online help for details.
         c:\program files (x86)\windows kits\10\include\10.0.10150.0\ucrt\stdio.h(1769): note: 参见“sprintf”的声明
     1>c:\users\zmc\desktop\2048\2048个人项目\2048.cpp(478): warning C4996: 'setfont': This function is deprecated. Instead, use this new function: settextstyle. See http://www.easyx.cn/help?settextstyle for details.
         e:\vs2015\vc\include\graphics.h(78): note: 参见“setfont”的声明
     1>c:\users\zmc\desktop\2048\2048个人项目\2048.cpp(479): warning C4996: 'sprintf': This function or variable may be unsafe. Consider using sprintf_s instead. To disable deprecation, use _CRT_SECURE_NO_WARNINGS. See online help for details.
         c:\program files (x86)\windows kits\10\include\10.0.10150.0\ucrt\stdio.h(1769): note: 参见“sprintf”的声明
     1>c:\users\zmc\desktop\2048\2048个人项目\2048.cpp(491): warning C4996: 'setfont': This function is deprecated. Instead, use this new function: settextstyle. See http://www.easyx.cn/help?settextstyle for details.
         e:\vs2015\vc\include\graphics.h(78): note: 参见“setfont”的声明
     1>c:\users\zmc\desktop\2048\2048个人项目\2048.cpp(492): warning C4996: 'sprintf': This function or variable may be unsafe. Consider using sprintf_s instead. To disable deprecation, use _CRT_SECURE_NO_WARNINGS. See online help for details.
         c:\program files (x86)\windows kits\10\include\10.0.10150.0\ucrt\stdio.h(1769): note: 参见“sprintf”的声明
     1>c:\users\zmc\desktop\2048\2048个人项目\2048.cpp(550): warning C4996: 'setfont': This function is deprecated. Instead, use this new function: settextstyle. See http://www.easyx.cn/help?settextstyle for details.
         e:\vs2015\vc\include\graphics.h(78): note: 参见“setfont”的声明
     1>c:\users\zmc\desktop\2048\2048个人项目\2048.cpp(551): warning C4996: 'sprintf': This function or variable may be unsafe. Consider using sprintf_s instead. To disable deprecation, use _CRT_SECURE_NO_WARNINGS. See online help for details.
         c:\program files (x86)\windows kits\10\include\10.0.10150.0\ucrt\stdio.h(1769): note: 参见“sprintf”的声明
     1>c:\users\zmc\desktop\2048\2048个人项目\2048.cpp(563): warning C4996: 'setfont': This function is deprecated. Instead, use this new function: settextstyle. See http://www.easyx.cn/help?settextstyle for details.
         e:\vs2015\vc\include\graphics.h(78): note: 参见“setfont”的声明
     1>c:\users\zmc\desktop\2048\2048个人项目\2048.cpp(564): warning C4996: 'sprintf': This function or variable may be unsafe. Consider using sprintf_s instead. To disable deprecation, use _CRT_SECURE_NO_WARNINGS. See online help for details.
         c:\program files (x86)\windows kits\10\include\10.0.10150.0\ucrt\stdio.h(1769): note: 参见“sprintf”的声明
     1>c:\users\zmc\desktop\2048\2048个人项目\2048.cpp(595): warning C4996: 'setfont': This function is deprecated. Instead, use this new function: settextstyle. See http://www.easyx.cn/help?settextstyle for details.
         e:\vs2015\vc\include\graphics.h(78): note: 参见“setfont”的声明
     1>c:\users\zmc\desktop\2048\2048个人项目\2048.cpp(597): warning C4996: 'sprintf': This function or variable may be unsafe. Consider using sprintf_s instead. To disable deprecation, use _CRT_SECURE_NO_WARNINGS. See online help for details.
         c:\program files (x86)\windows kits\10\include\10.0.10150.0\ucrt\stdio.h(1769): note: 参见“sprintf”的声明
     1>c:\users\zmc\desktop\2048\2048个人项目\2048.cpp(600): warning C4996: 'getch': The POSIX name for this item is deprecated. Instead, use the ISO C and C++ conformant name: _getch. See online help for details.
         c:\program files (x86)\windows kits\10\include\10.0.10150.0\ucrt\conio.h(452): note: 参见“getch”的声明
     1>c:\users\zmc\desktop\2048\2048个人项目\2048.cpp(658): warning C4996: 'setfont': This function is deprecated. Instead, use this new function: settextstyle. See http://www.easyx.cn/help?settextstyle for details.
         e:\vs2015\vc\include\graphics.h(78): note: 参见“setfont”的声明
     1>c:\users\zmc\desktop\2048\2048个人项目\2048.cpp(750): warning C4996: 'setfont': This function is deprecated. Instead, use this new function: settextstyle. See http://www.easyx.cn/help?settextstyle for details.
         e:\vs2015\vc\include\graphics.h(78): note: 参见“setfont”的声明
     1>c:\users\zmc\desktop\2048\2048个人项目\2048.cpp(842): warning C4996: 'setfont': This function is deprecated. Instead, use this new function: settextstyle. See http://www.easyx.cn/help?settextstyle for details.
         e:\vs2015\vc\include\graphics.h(78): note: 参见“setfont”的声明
     1>c:\users\zmc\desktop\2048\2048个人项目\2048.cpp(934): warning C4996: 'setfont': This function is deprecated. Instead, use this new function: settextstyle. See http://www.easyx.cn/help?settextstyle for details.
         e:\vs2015\vc\include\graphics.h(78): note: 参见“setfont”的声明
     1>c:\users\zmc\desktop\2048\2048个人项目\2048.cpp(999): warning C4996: 'setfont': This function is deprecated. Instead, use this new function: settextstyle. See http://www.easyx.cn/help?settextstyle for details.
         e:\vs2015\vc\include\graphics.h(78): note: 参见“setfont”的声明
     1>c:\users\zmc\desktop\2048\2048个人项目\2048.cpp(1001): warning C4996: 'sprintf': This function or variable may be unsafe. Consider using sprintf_s instead. To disable deprecation, use _CRT_SECURE_NO_WARNINGS. See online help for details.
         c:\program files (x86)\windows kits\10\include\10.0.10150.0\ucrt\stdio.h(1769): note: 参见“sprintf”的声明
     1>c:\users\zmc\desktop\2048\2048个人项目\2048.cpp(1004): warning C4996: 'getch': The POSIX name for this item is deprecated. Instead, use the ISO C and C++ conformant name: _getch. See online help for details.
         c:\program files (x86)\windows kits\10\include\10.0.10150.0\ucrt\conio.h(452): note: 参见“getch”的声明
     1>c:\users\zmc\desktop\2048\2048个人项目\2048.cpp(1062): warning C4996: 'setfont': This function is deprecated. Instead, use this new function: settextstyle. See http://www.easyx.cn/help?settextstyle for details.
         e:\vs2015\vc\include\graphics.h(78): note: 参见“setfont”的声明
     1>c:\users\zmc\desktop\2048\2048个人项目\2048.cpp(1154): warning C4996: 'setfont': This function is deprecated. Instead, use this new function: settextstyle. See http://www.easyx.cn/help?settextstyle for details.
         e:\vs2015\vc\include\graphics.h(78): note: 参见“setfont”的声明
     1>c:\users\zmc\desktop\2048\2048个人项目\2048.cpp(1246): warning C4996: 'setfont': This function is deprecated. Instead, use this new function: settextstyle. See http://www.easyx.cn/help?settextstyle for details.
         e:\vs2015\vc\include\graphics.h(78): note: 参见“setfont”的声明
     1>c:\users\zmc\desktop\2048\2048个人项目\2048.cpp(1338): warning C4996: 'setfont': This function is deprecated. Instead, use this new function: settextstyle. See http://www.easyx.cn/help?settextstyle for details.
         e:\vs2015\vc\include\graphics.h(78): note: 参见“setfont”的声明
     1>c:\users\zmc\desktop\2048\2048个人项目\2048.cpp(1394): warning C4996: 'setfont': This function is deprecated. Instead, use this new function: settextstyle. See http://www.easyx.cn/help?settextstyle for details.
         e:\vs2015\vc\include\graphics.h(78): note: 参见“setfont”的声明
     1>c:\users\zmc\desktop\2048\2048个人项目\2048.cpp(1396): warning C4996: 'sprintf': This function or variable may be unsafe. Consider using sprintf_s instead. To disable deprecation, use _CRT_SECURE_NO_WARNINGS. See online help for details.
         c:\program files (x86)\windows kits\10\include\10.0.10150.0\ucrt\stdio.h(1769): note: 参见“sprintf”的声明
       Link:
         E:\VS2015\VC\bin\link.exe /ERRORREPORT:PROMPT /OUT:".\Debug\2048个人项目.exe" /INCREMENTAL /NOLOGO odbc32.lib odbccp32.lib kernel32.lib user32.lib gdi32.lib winspool.lib comdlg32.lib advapi32.lib shell32.lib ole32.lib oleaut32.lib uuid.lib odbc32.lib odbccp32.lib /MANIFEST /MANIFESTUAC:"level='asInvoker' uiAccess='false'" /manifest:embed /Debug /PDB:".\Debug\2048个人项目.pdb" /SUBSYSTEM:CONSOLE /TLBID:1 /DYNAMICBASE /NXCOMPAT /IMPLIB:".\Debug\2048个人项目.lib" /MACHINE:X86 /SAFESEH .\Debug\2048.obj
         2048个人项目.vcxproj -> C:\Users\ZMC\Desktop\2048\2048个人项目\.\Debug\2048个人项目.exe
     1>已完成生成项目“C:\Users\ZMC\Desktop\2048\2048个人项目\2048个人项目.vcxproj”(Build 个目标)的操作。

已成功生成。

已用时间 00:00:02.98
